Case #1: 26438949 96432948
Case #2: 999999999 999999999
Case #3: 798 987
Case #4: 15924058 98124055
Case #5: 17429777 91427777
Case #6: 114353747 734351741
Case #7: 0 0
Case #8: 304349675 904345673
Case #9: 126007349 921007346
Case #10: 12106930 96102130
Case #11: 193698193 993698131
Case #12: 119644154 915644114
Case #13: 128754034 827154034
Case #14: 306667869 976660863
Case #15: 10 10
Case #16: 9099999 9999990
Case #17: 133343270 731343230
Case #18: 108421587 858421017
Case #19: 10 10
Case #20: 120785607 870715602
