7 8 3 2 4 
7 8 3 4 2 
7 8 2 3 4 
7 8 2 4 3 
7 8 4 3 2 
7 8 4 2 3 
7 3 8 2 4 
7 3 8 4 2 
7 3 2 8 4 
7 3 2 4 8 
7 3 4 8 2 
7 3 4 2 8 
7 2 8 3 4 
7 2 8 4 3 
7 2 3 8 4 
7 2 3 4 8 
7 2 4 8 3 
7 2 4 3 8 
7 4 8 3 2 
7 4 8 2 3 
7 4 3 8 2 
7 4 3 2 8 
7 4 2 8 3 
7 4 2 3 8 
8 7 3 2 4 
8 7 3 4 2 
8 7 2 3 4 
8 7 2 4 3 
8 7 4 3 2 
8 7 4 2 3 
8 3 7 2 4 
8 3 7 4 2 
8 3 2 7 4 
8 3 2 4 7 
8 3 4 7 2 
8 3 4 2 7 
8 2 7 3 4 
8 2 7 4 3 
8 2 3 7 4 
8 2 3 4 7 
8 2 4 7 3 
8 2 4 3 7 
8 4 7 3 2 
8 4 7 2 3 
8 4 3 7 2 
8 4 3 2 7 
8 4 2 7 3 
8 4 2 3 7 
3 7 8 2 4 
3 7 8 4 2 
3 7 2 8 4 
3 7 2 4 8 
3 7 4 8 2 
3 7 4 2 8 
3 8 7 2 4 
3 8 7 4 2 
3 8 2 7 4 
3 8 2 4 7 
3 8 4 7 2 
3 8 4 2 7 
3 2 7 8 4 
3 2 7 4 8 
3 2 8 7 4 
3 2 8 4 7 
3 2 4 7 8 
3 2 4 8 7 
3 4 7 8 2 
3 4 7 2 8 
3 4 8 7 2 
3 4 8 2 7 
3 4 2 7 8 
3 4 2 8 7 
2 7 8 3 4 
2 7 8 4 3 
2 7 3 8 4 
2 7 3 4 8 
2 7 4 8 3 
2 7 4 3 8 
2 8 7 3 4 
2 8 7 4 3 
2 8 3 7 4 
2 8 3 4 7 
2 8 4 7 3 
2 8 4 3 7 
2 3 7 8 4 
2 3 7 4 8 
2 3 8 7 4 
2 3 8 4 7 
2 3 4 7 8 
2 3 4 8 7 
2 4 7 8 3 
2 4 7 3 8 
2 4 8 7 3 
2 4 8 3 7 
2 4 3 7 8 
2 4 3 8 7 
4 7 8 3 2 
4 7 8 2 3 
4 7 3 8 2 
4 7 3 2 8 
4 7 2 8 3 
4 7 2 3 8 
4 8 7 3 2 
4 8 7 2 3 
4 8 3 7 2 
4 8 3 2 7 
4 8 2 7 3 
4 8 2 3 7 
4 3 7 8 2 
4 3 7 2 8 
4 3 8 7 2 
4 3 8 2 7 
4 3 2 7 8 
4 3 2 8 7 
4 2 7 8 3 
4 2 7 3 8 
4 2 8 7 3 
4 2 8 3 7 
4 2 3 7 8 
4 2 3 8 7 
