fffn
fffu
ffvu
ffww
ffwt
ffzv
ffnf
ffnw
ffnw
ffnu
fftn
ffjf
ffjz
ffuv
ffut
fflz
fvft
fvfl
fvwv
fvzv
fvnz
fvtj
fvtu
fvjn
fvut
fvkw
fvlw
fvlj
fwff
fwfk
fwwv
fwwt
fwnn
fwnn
fwuf
fwuu
fwlf
fwlk
fzfz
fzwl
fzzz
fzkz
fzlv
fnfz
fnfk
fnwk
fnnz
fntv
fntj
fntu
fntk
fntk
fnlj
fnlk
fnll
ftft
ftfk
ftvf
ftwv
ftwl
ftnl
fttn
ftjz
ftuv
ftuz
ftkv
ftlv
fjfz
fjfj
fjfj
fjvv
fjzz
fjnw
fjnz
fjnj
fjnj
fjuu
fjuk
fjkv
fjlw
fjlk
fufv
fufz
fufl
fuvz
fuvn
fuvk
fuwu
fukt
fulf
fult
fulk
fulk
fkft
fkvu
fkwu
fknj
fkjz
fkkl
flfv
flfn
flfl
flvz
flvn
flvt
flvk
flwn
flzv
flnw
fltf
fltz
fljl
flkn
fllz
vffz
vffz
vfzn
vfnu
vfjl
vfkf
vfkt
fvfk
vflw
vvfw
vvvv
vvju
vvkz
vvkt
vwvw
vwwf
vwwv
vwwn
vwzf
vwnt
vwjk
vwut
vwkf
vwkk
vwkl
vwlk
vzwl
vztf
vzju
vzuu
vnzj
vnnu
vntv
vnkz
vtft
vtnn
vttn
vttj
vtkz
vtlu
vjfj
vjfk
vjvw
vjvj
vjwt
vjwk
vjnt
vjnu
vjnl
vjkt
vufj
vuwz
vunv
vunu
vutu
vuuz
vuun
vuul
vukt
vukj
vult
vkfu
vkvj
vkvl
vkwv
vkzz
vknw
vkjz
vkuv
vkun
vlwf
vlwk
vlwl
vlzf
vlzf
vlzz
vlnf
vlnn
vljk
vlkf
wffn
wffj
wfnz
wfnk
wfkw
wflv
wvfk
wvvl
wvnw
wvtz
wvtz
wvtl
wvut
wvkf
wvkn
wvlj
wwfw
wwfz
wwft
wwvl
wwwz
wwzv
wwjw
wwjt
wwuv
wwkw
wwku
wwlu
wwlk
wzvv
wzwf
wzwj
wzzn
wznj
wzjz
wzjn
wzlw
wzlj
wnfu
wnvj
wntf
wntv
wnjn
wnuu
wtfz
wtwt
wtzw
wtzn
wttv
wtju
wjfv
wjwk
wjjv
wjut
wuft
wufj
wuvw
wuwz
wuzt
wuzl
wuzl
wutn
wutt
wutl
wujj
wuju
wujl
wuuu
wukl
wulv
wulz
wkfw
wkzf
wkzz
wkzu
wknf
wkjt
wkuu
wkkf
wkkk
wkln
wlwk
wlnz
wltj
wluk
wllf
wllj
zffz
zfvf
zfzv
zfjj
zfjk
zfuf
zfuf
zfuv
zfkk
zfkk
zflf
zfll
zvfn
zvfk
zvvv
zvvv
zvvw
zvvz
zvwn
zvnz
zvtl
zvut
zvkv
zvkz
zvkz
zvlt
zvlj
zwff
zwfz
zwwt
zwzf
zwzf
zwzu
zwzl
zwnw
zwnz
zwnj
zwtj
zwuw
zwuw
zwuu
zwul
zwkf
zzwz
zzzv
zzzj
zzzj
zztv
zztt
zzuv
zzkt
znfv
znfn
znvv
znwf
znwt
zntw
zntw
zntl
znjf
znjv
znkj
ztff
ztzl
zttf
zttw
ztjw
ztjl
ztuz
zjvt
zjnf
zjnt
zjjv
fzjj
zjlk
zufu
zuzz
zuzn
zutk
zujv
zujz
zuuf
zuuw
zukf
zukf
zuln
zkfn
zkvk
zkzt
zkzl
zkjn
zkuw
zkkz
zkku
zklk
zlvl
zlwu
zlnf
zlnl
zluk
zlkw
zlku
zlll
nfvk
nfvl
nfzv
nfnv
nfnn
nftv
nftj
nftj
nfjl
nfun
nfkl
nflz
nflu
nflu
nfll
nvfv
nvft
nvvt
nvvj
nvzf
nvzl
nvnj
nvjw
nvjt
nvlj
nwfv
nwvu
nwwf
nwww
nwjn
nzfn
nzvz
nzww
nzwk
nznw
nztw
nzjk
nzut
nzkj
nzln
nnfk
nnwk
nntj
nnjz
nnuw
nnuj
nnuk
nnlf
nnlj
ntvw
ntvt
ntnf
ntnw
nttj
nttu
ntjf
ntjv
ntjk
ntjk
ntut
ntuj
ntlf
njfj
njfu
njvf
njzk
njnl
njnl
njuu
njkz
nuwz
nuzw
nuzn
nunz
nutf
nujj
nukl
nkfn
nkvf
nkvv
nkzf
nkzn
nknz
nknt
nknj
nkuw
nlfj
nlvu
nlzw
nlzu
nlnf
nlnu
nlnu
nluj
nluj
nlln
tffw
tfnw
tfnj
tfnk
tftv
tfjv
tfkv
tfkz
tflw
tflj
tflu
tvfl
tvwn
tvwt
tvnu
tvtn
tvkn
twfw
twwt
twwt
twtf
twjj
tzww
tzzt
tzzl
tznv
tznn
tznj
tztf
tzjv
tzjj
tzun
tzkv
tzkt
tzkt
tzlu
tnzu
tnnf
tntf
tntl
tnjk
tnjl
tnuu
tnul
tnkk
ttfw
ttfu
ttvv
ttvv
ttwj
ttnk
ttjz
ttjt
ttun
ttkf
ttkz
ttlz
tjft
tjft
tjvu
tjwv
tjuz
tjlj
tuwk
tuzu
tutj
tujf
tujk
tujk
tujl
tkff
tkvv
tkvk
tkjj
tkuv
tkkl
tklt
tlfz
tlfk
tlwk
tlzu
tlnu
tltv
tltw
tltt
tluf
tluv
tlut
tlku
tllu
jffv
jfvl
jfwz
jfzk
jfnn
jfjf
jfjv
jfuv
jfuw
jfkv
jfkn
jflk
jvfl
jvwf
jvzw
jvzj
jvnn
jvnl
jvun
jvkj
jwfw
jwfz
jwvf
jwvl
jwww
jwzn
jwnz
jwnu
jwuw
jwuk
jwkw
jwkj
jzvn
jzwj
jzzz
jztz
jztt
jztk
jzlv
jzlw
jnvv
jnwv
jnwk
jnwl
jnuj
jnlv
jnll
jtfz
jtzk
jtnv
jtnn
jttl
jtlu
jtlu
jjfj
jjvn
jjvu
jjwf
jjwt
jjzk
jjtu
jjkz
jjlz
jufn
jufu
juvu
juvu
junv
junn
juuj
juul
julf
julw
julu
jkff
jkvw
jkwj
jkzw
jktl
jkuj
jkkv
jkkw
jkkz
jkkt
jklz
jkln
jklk
jlfw
jlft
jlvf
jlvt
jlvk
jlww
jlzz
jlnn
jltj
jlut
jlkz
jlkj
jlll
ufvv
ufvz
ufzz
ufzj
ufzk
uful
ufkt
ufkt
uvfn
uvwf
uvwt
uvnn
uvjz
uvjz
uvuv
uvkv
uvkw
uvkl
uvlv
uvlk
uwfw
uwfn
uwfj
uwwv
uwwz
uwnw
uwtw
uwtn
uwjf
uwkl
uwln
uzfn
uzft
uzvu
uzwk
uzzn
uzzj
uznu
uzul
uzkv
uzkw
uzkt
unfu
unvl
unwl
unwl
unzz
unzt
untv
untk
unjz
unuf
unlw
utfz
utfk
utfl
utnk
uttt
utuw
utkl
utkl
ujvv
ujvt
ujwk
ujzv
ujtf
ujjj
ujuv
ujkt
ujkt
ujkk
ujkl
ujll
uuff
uuvv
uuvz
uuvl
uuwn
uutf
uutj
uujv
ukff
ukfu
ukfk
ukvf
uktn
ukkj
ulfz
ultj
uljv
uljj
ullw
kffj
kffu
kfvv
kfwj
kfwk
kftu
kful
kflz
kvfw
kvvn
kvvl
kvww
kvzj
kvzu
kvnn
kvnt
kvuf
kvuv
kvun
kvku
kwff
kwfj
kwfk
kwvf
kwvf
kwvw
kwvj
kwwt
kwzk
kwnt
kwtk
kwju
kwuv
kwuw
kwku
kwlu
kwlu
kzvz
kzvt
kzzf
kzzf
kzkf
kzkj
kzkk
kzlt
knvz
knvt
knwj
knzv
knzk
knju
knuu
knkn
knkn
knlv
knlv
knlv
ktfv
ktnj
ktnl
ktku
ktlt
kjvu
kjvl
kjtz
kjtj
kjtk
kufj
kuwf
kuww
kuwz
kuwt
kunt
kutl
kujn
kujj
kujk
kukn
kukl
kkft
kknt
kknk
kkjt
kkjt
kkut
kkuk
kklt
kklu
kklu
fklf
klfz
klfk
klvu
klnn
kltz
kltn
kltl
kljt
klkn
kllu
lffz
lfvt
lfwn
lfnl
lftk
lfun
lflv
lfln
lflt
lflj
lvfn
lvwu
lvnt
lvtt
lvtj
lvut
lvlz
lvlt
lwfw
lwvf
lwzv
lwzz
lwnf
lwjv
lwjw
lwjt
lwju
lwut
lwkl
lwlt
lwlu
lzft
lzzu
lznn
lztn
lzjw
lzuv
lzul
lzkf
lzlz
lnvt
lnzt
lnnz
lntv
lntw
lnjv
lnuz
lnuu
lnkv
lnkl
ltfw
ltft
ltzw
ltnf
ltjw
ltjn
ltjt
ltjk
ltjk
ltkn
ltkj
ltlt
ljfz
ljfu
ljfu
ljvw
ljvk
ljwn
ljwu
ljtu
ljjz
ljkk
luff
lufv
luwu
luwl
lunf
lunt
lunu
lutk
lutl
lutl
lukv
lukk
lulj
lull
lull
lkff
lknk
lknl
lktw
lktj
lkjz
lkju
lkuz
lkkz
lklv
lklu
lkll
llvn
llvu
llvl
llwj
lltn
lltt
lltk
lljz
lluf
llkz
lllw
lllz
lllj
vvnj
vzkj
wvtk
wvuf
wnwz
zvun
zvkf
zvlv
zjlv
zjln
zlnw
nwfj
nluw
nlun
nlkz
nlkj
twww
twzk
tnkz
jtvu
juuk
uwun
kftn
kttt
lzzw
ltul
